

Version:	3.50
CmdLine:	C:\Users\chalk\OneDrive\Documents\NetBeansProjects\Bank Management Systems\cal.exe --l4j-debug
JNI:		No
WOW64:		Yes
Working dir:	C:\Users\chalk\OneDrive\Documents\NetBeansProjects\Bank Management Systems\.
Requires JDK:	Yes
Requires 64-Bit: Yes
Java min ver:	1.000.000
Java max ver:	
Substitute:	JAVA_HOME = C:\Program Files\Java\jdk-20
Substitute:	PATH = C:\Program Files\Common Files\Oracle\Java\javapath;C:\Program Files\Python311\Scripts\;C:\Program Files\Python311\;C:\Windows\system32;C:\Windows;C:\Windows\System32\Wbem;C:\Windows\System32\WindowsPowerShell\v1.0\;C:\Windows\System32\OpenSSH\;C:\Program Files (x86)\NVIDIA Corporation\PhysX\Common;C:\Program Files\NVIDIA Corporation\NVIDIA NvDLISR;C:\Program Files\Java\jdk-20\bin;C:\Program Files\Java\jdk-20\bin;C:\Program Files\Git\cmd;C:\Program Files\MongoDB\mongosh-2.1.3-win32-x64\bin;C:\Program Files\MongoDB\Server\7.0\bin;C:\Program Files (x86)\nodejs;C:\Program Files\Java\jdk-22\bin;C:\Program Files\dotnet\;C:\Users\chalk\AppData\Local\Microsoft\WindowsApps;C:\Users\chalk\AppData\Local\Programs\Microsoft VS Code\bin;C:\Program Files (x86)\Inno Setup 5;C:\Program Files\Java\jdk-22\bin
JRE paths:	C:\Program Files\Java\jdk-20;C:\Program Files\Common Files\Oracle\Java\javapath;C:\Program Files\Python311\Scripts\;C:\Program Files\Python311\;C:\Windows\system32;C:\Windows;C:\Windows\System32\Wbem;C:\Windows\System32\WindowsPowerShell\v1.0\;C:\Windows\System32\OpenSSH\;C:\Program Files (x86)\NVIDIA Corporation\PhysX\Common;C:\Program Files\NVIDIA Corporation\NVIDIA NvDLISR;C:\Program Files\Java\jdk-20\bin;C:\Program Files\Java\jdk-20\bin;C:\Program Files\Git\cmd;C:\Program Files\MongoDB\mongosh-2.1.3-win32-x64\bin;C:\Program Files\MongoDB\Server\7.0\bin;C:\Program Files (x86)\nodejs;C:\Program Files\Java\jdk-22\bin;C:\Program Files\dotnet\;C:\Users\chalk\AppData\Local\Microsoft\WindowsApps;C:\Users\chalk\AppData\Local\Programs\Microsoft VS Code\bin;C:\Program Files (x86)\Inno Setup 5;C:\Program Files\Java\jdk-22\bin
Check launcher:	C:\Program Files\Java\jdk-20\bin\javaw.exe (not found)
Check launcher:	C:\Program Files\Common Files\Oracle\Java\javapath\bin\javaw.exe (not found)
Check launcher:	C:\Program Files\Python311\Scripts\bin\javaw.exe (not found)
Check launcher:	C:\Program Files\Python311\bin\javaw.exe (not found)
Check launcher:	C:\Windows\system32\bin\javaw.exe (not found)
Check launcher:	C:\Windows\bin\javaw.exe (not found)
Check launcher:	C:\Windows\System32\Wbem\bin\javaw.exe (not found)
Check launcher:	C:\Windows\System32\WindowsPowerShell\v1.0\bin\javaw.exe (not found)
Check launcher:	C:\Windows\System32\OpenSSH\bin\javaw.exe (not found)
Check launcher:	C:\Program Files (x86)\NVIDIA Corporation\PhysX\Common\bin\javaw.exe (not found)
Check launcher:	C:\Program Files\NVIDIA Corporation\NVIDIA NvDLISR\bin\javaw.exe (not found)
Check launcher:	C:\Program Files\Java\jdk-20\bin\javaw.exe (not found)
Check launcher:	C:\Program Files\Java\jdk-20\bin\javaw.exe (not found)
Check launcher:	C:\Program Files\Git\cmd\bin\javaw.exe (not found)
Check launcher:	C:\Program Files\MongoDB\mongosh-2.1.3-win32-x64\bin\javaw.exe (not found)
Check launcher:	C:\Program Files\MongoDB\Server\7.0\bin\javaw.exe (not found)
Check launcher:	C:\Program Files (x86)\nodejs\bin\javaw.exe (not found)
Check launcher:	C:\Program Files\Java\jdk-22\bin\javaw.exe (OK)
Check javac:	C:\Program Files\Java\jdk-22\bin\javac.exe (OK)
Version string: 1.022.000_001 / 64-Bit (OK)
Launcher:	C:\Program Files\Java\jdk-22\bin\javaw.exe
Launcher args:	-jar "C:\Users\chalk\OneDrive\Documents\NetBeansProjects\Bank Management Systems\cal.exe"
Args length:	89/32768 chars
Exit code:	0


Version:	3.50
CmdLine:	C:\Users\chalk\OneDrive\Documents\NetBeansProjects\Bank Management Systems\bank.exe --l4j-debug
JNI:		No
WOW64:		Yes
Working dir:	C:\Users\chalk\OneDrive\Documents\NetBeansProjects\Bank Management Systems\.
Requires JDK:	Yes
Requires 64-Bit: Yes
Java min ver:	1.000.000
Java max ver:	
Substitute:	JAVA_HOME = C:\Program Files\Java\jdk-20
Substitute:	PATH = C:\Program Files\Common Files\Oracle\Java\javapath;C:\Program Files\Python311\Scripts\;C:\Program Files\Python311\;C:\Windows\system32;C:\Windows;C:\Windows\System32\Wbem;C:\Windows\System32\WindowsPowerShell\v1.0\;C:\Windows\System32\OpenSSH\;C:\Program Files (x86)\NVIDIA Corporation\PhysX\Common;C:\Program Files\NVIDIA Corporation\NVIDIA NvDLISR;C:\Program Files\Java\jdk-20\bin;C:\Program Files\Java\jdk-20\bin;C:\Program Files\Git\cmd;C:\Program Files\MongoDB\mongosh-2.1.3-win32-x64\bin;C:\Program Files\MongoDB\Server\7.0\bin;C:\Program Files (x86)\nodejs;C:\Program Files\Java\jdk-22\bin;C:\Program Files\dotnet\;C:\Users\chalk\AppData\Local\Microsoft\WindowsApps;C:\Users\chalk\AppData\Local\Programs\Microsoft VS Code\bin;C:\Program Files (x86)\Inno Setup 5;C:\Program Files\Java\jdk-22\bin
JRE paths:	C:\Program Files\Java\jdk-20;C:\Program Files\Common Files\Oracle\Java\javapath;C:\Program Files\Python311\Scripts\;C:\Program Files\Python311\;C:\Windows\system32;C:\Windows;C:\Windows\System32\Wbem;C:\Windows\System32\WindowsPowerShell\v1.0\;C:\Windows\System32\OpenSSH\;C:\Program Files (x86)\NVIDIA Corporation\PhysX\Common;C:\Program Files\NVIDIA Corporation\NVIDIA NvDLISR;C:\Program Files\Java\jdk-20\bin;C:\Program Files\Java\jdk-20\bin;C:\Program Files\Git\cmd;C:\Program Files\MongoDB\mongosh-2.1.3-win32-x64\bin;C:\Program Files\MongoDB\Server\7.0\bin;C:\Program Files (x86)\nodejs;C:\Program Files\Java\jdk-22\bin;C:\Program Files\dotnet\;C:\Users\chalk\AppData\Local\Microsoft\WindowsApps;C:\Users\chalk\AppData\Local\Programs\Microsoft VS Code\bin;C:\Program Files (x86)\Inno Setup 5;C:\Program Files\Java\jdk-22\bin
Check launcher:	C:\Program Files\Java\jdk-20\bin\javaw.exe (not found)
Check launcher:	C:\Program Files\Common Files\Oracle\Java\javapath\bin\javaw.exe (not found)
Check launcher:	C:\Program Files\Python311\Scripts\bin\javaw.exe (not found)
Check launcher:	C:\Program Files\Python311\bin\javaw.exe (not found)
Check launcher:	C:\Windows\system32\bin\javaw.exe (not found)
Check launcher:	C:\Windows\bin\javaw.exe (not found)
Check launcher:	C:\Windows\System32\Wbem\bin\javaw.exe (not found)
Check launcher:	C:\Windows\System32\WindowsPowerShell\v1.0\bin\javaw.exe (not found)
Check launcher:	C:\Windows\System32\OpenSSH\bin\javaw.exe (not found)
Check launcher:	C:\Program Files (x86)\NVIDIA Corporation\PhysX\Common\bin\javaw.exe (not found)
Check launcher:	C:\Program Files\NVIDIA Corporation\NVIDIA NvDLISR\bin\javaw.exe (not found)
Check launcher:	C:\Program Files\Java\jdk-20\bin\javaw.exe (not found)
Check launcher:	C:\Program Files\Java\jdk-20\bin\javaw.exe (not found)
Check launcher:	C:\Program Files\Git\cmd\bin\javaw.exe (not found)
Check launcher:	C:\Program Files\MongoDB\mongosh-2.1.3-win32-x64\bin\javaw.exe (not found)
Check launcher:	C:\Program Files\MongoDB\Server\7.0\bin\javaw.exe (not found)
Check launcher:	C:\Program Files (x86)\nodejs\bin\javaw.exe (not found)
Check launcher:	C:\Program Files\Java\jdk-22\bin\javaw.exe (OK)
Check javac:	C:\Program Files\Java\jdk-22\bin\javac.exe (OK)
Version string: 1.022.000_001 / 64-Bit (OK)
Launcher:	C:\Program Files\Java\jdk-22\bin\javaw.exe
Launcher args:	-jar "C:\Users\chalk\OneDrive\Documents\NetBeansProjects\Bank Management Systems\bank.exe"
Args length:	90/32768 chars
Exit code:	0


Version:	3.50
CmdLine:	C:\Users\chalk\OneDrive\Documents\NetBeansProjects\Bank Management Systems\bank.exe --l4j-debug
JNI:		No
WOW64:		Yes
Working dir:	C:\Users\chalk\OneDrive\Documents\NetBeansProjects\Bank Management Systems\.
Requires JDK:	Yes
Requires 64-Bit: Yes
Java min ver:	1.000.000
Java max ver:	
Substitute:	JAVA_HOME = C:\Program Files\Java\jdk-20
Substitute:	PATH = C:\Program Files\Common Files\Oracle\Java\javapath;C:\Program Files\Python311\Scripts\;C:\Program Files\Python311\;C:\Windows\system32;C:\Windows;C:\Windows\System32\Wbem;C:\Windows\System32\WindowsPowerShell\v1.0\;C:\Windows\System32\OpenSSH\;C:\Program Files (x86)\NVIDIA Corporation\PhysX\Common;C:\Program Files\NVIDIA Corporation\NVIDIA NvDLISR;C:\Program Files\Java\jdk-20\bin;C:\Program Files\Java\jdk-20\bin;C:\Program Files\Git\cmd;C:\Program Files\MongoDB\mongosh-2.1.3-win32-x64\bin;C:\Program Files\MongoDB\Server\7.0\bin;C:\Program Files (x86)\nodejs;C:\Program Files\Java\jdk-22\bin;C:\Program Files\dotnet\;C:\Users\chalk\AppData\Local\Microsoft\WindowsApps;C:\Users\chalk\AppData\Local\Programs\Microsoft VS Code\bin;C:\Program Files (x86)\Inno Setup 5;C:\Program Files\Java\jdk-22\bin
JRE paths:	C:\Program Files\Java\jdk-20;C:\Program Files\Common Files\Oracle\Java\javapath;C:\Program Files\Python311\Scripts\;C:\Program Files\Python311\;C:\Windows\system32;C:\Windows;C:\Windows\System32\Wbem;C:\Windows\System32\WindowsPowerShell\v1.0\;C:\Windows\System32\OpenSSH\;C:\Program Files (x86)\NVIDIA Corporation\PhysX\Common;C:\Program Files\NVIDIA Corporation\NVIDIA NvDLISR;C:\Program Files\Java\jdk-20\bin;C:\Program Files\Java\jdk-20\bin;C:\Program Files\Git\cmd;C:\Program Files\MongoDB\mongosh-2.1.3-win32-x64\bin;C:\Program Files\MongoDB\Server\7.0\bin;C:\Program Files (x86)\nodejs;C:\Program Files\Java\jdk-22\bin;C:\Program Files\dotnet\;C:\Users\chalk\AppData\Local\Microsoft\WindowsApps;C:\Users\chalk\AppData\Local\Programs\Microsoft VS Code\bin;C:\Program Files (x86)\Inno Setup 5;C:\Program Files\Java\jdk-22\bin
Check launcher:	C:\Program Files\Java\jdk-20\bin\javaw.exe (not found)
Check launcher:	C:\Program Files\Common Files\Oracle\Java\javapath\bin\javaw.exe (not found)
Check launcher:	C:\Program Files\Python311\Scripts\bin\javaw.exe (not found)
Check launcher:	C:\Program Files\Python311\bin\javaw.exe (not found)
Check launcher:	C:\Windows\system32\bin\javaw.exe (not found)
Check launcher:	C:\Windows\bin\javaw.exe (not found)
Check launcher:	C:\Windows\System32\Wbem\bin\javaw.exe (not found)
Check launcher:	C:\Windows\System32\WindowsPowerShell\v1.0\bin\javaw.exe (not found)
Check launcher:	C:\Windows\System32\OpenSSH\bin\javaw.exe (not found)
Check launcher:	C:\Program Files (x86)\NVIDIA Corporation\PhysX\Common\bin\javaw.exe (not found)
Check launcher:	C:\Program Files\NVIDIA Corporation\NVIDIA NvDLISR\bin\javaw.exe (not found)
Check launcher:	C:\Program Files\Java\jdk-20\bin\javaw.exe (not found)
Check launcher:	C:\Program Files\Java\jdk-20\bin\javaw.exe (not found)
Check launcher:	C:\Program Files\Git\cmd\bin\javaw.exe (not found)
Check launcher:	C:\Program Files\MongoDB\mongosh-2.1.3-win32-x64\bin\javaw.exe (not found)
Check launcher:	C:\Program Files\MongoDB\Server\7.0\bin\javaw.exe (not found)
Check launcher:	C:\Program Files (x86)\nodejs\bin\javaw.exe (not found)
Check launcher:	C:\Program Files\Java\jdk-22\bin\javaw.exe (OK)
Check javac:	C:\Program Files\Java\jdk-22\bin\javac.exe (OK)
Version string: 1.022.000_001 / 64-Bit (OK)
Launcher:	C:\Program Files\Java\jdk-22\bin\javaw.exe
Launcher args:	-jar "C:\Users\chalk\OneDrive\Documents\NetBeansProjects\Bank Management Systems\bank.exe"
Args length:	90/32768 chars
Exit code:	0


Version:	3.50
CmdLine:	C:\Users\chalk\OneDrive\Documents\NetBeansProjects\Bank Management Systems\bank.exe --l4j-debug
JNI:		No
WOW64:		Yes
Working dir:	C:\Users\chalk\OneDrive\Documents\NetBeansProjects\Bank Management Systems\.
Requires JDK:	Yes
Requires 64-Bit: Yes
Java min ver:	1.000.000
Java max ver:	
Substitute:	JAVA_HOME = C:\Program Files\Java\jdk-20
Substitute:	PATH = C:\Program Files\Common Files\Oracle\Java\javapath;C:\Program Files\Python311\Scripts\;C:\Program Files\Python311\;C:\Windows\system32;C:\Windows;C:\Windows\System32\Wbem;C:\Windows\System32\WindowsPowerShell\v1.0\;C:\Windows\System32\OpenSSH\;C:\Program Files (x86)\NVIDIA Corporation\PhysX\Common;C:\Program Files\NVIDIA Corporation\NVIDIA NvDLISR;C:\Program Files\Java\jdk-20\bin;C:\Program Files\Java\jdk-20\bin;C:\Program Files\Git\cmd;C:\Program Files\MongoDB\mongosh-2.1.3-win32-x64\bin;C:\Program Files\MongoDB\Server\7.0\bin;C:\Program Files (x86)\nodejs;C:\Program Files\Java\jdk-22\bin;C:\Program Files\dotnet\;C:\Users\chalk\AppData\Local\Microsoft\WindowsApps;C:\Users\chalk\AppData\Local\Programs\Microsoft VS Code\bin;C:\Program Files (x86)\Inno Setup 5;C:\Program Files\Java\jdk-22\bin
JRE paths:	C:\Program Files\Java\jdk-20;C:\Program Files\Common Files\Oracle\Java\javapath;C:\Program Files\Python311\Scripts\;C:\Program Files\Python311\;C:\Windows\system32;C:\Windows;C:\Windows\System32\Wbem;C:\Windows\System32\WindowsPowerShell\v1.0\;C:\Windows\System32\OpenSSH\;C:\Program Files (x86)\NVIDIA Corporation\PhysX\Common;C:\Program Files\NVIDIA Corporation\NVIDIA NvDLISR;C:\Program Files\Java\jdk-20\bin;C:\Program Files\Java\jdk-20\bin;C:\Program Files\Git\cmd;C:\Program Files\MongoDB\mongosh-2.1.3-win32-x64\bin;C:\Program Files\MongoDB\Server\7.0\bin;C:\Program Files (x86)\nodejs;C:\Program Files\Java\jdk-22\bin;C:\Program Files\dotnet\;C:\Users\chalk\AppData\Local\Microsoft\WindowsApps;C:\Users\chalk\AppData\Local\Programs\Microsoft VS Code\bin;C:\Program Files (x86)\Inno Setup 5;C:\Program Files\Java\jdk-22\bin
Check launcher:	C:\Program Files\Java\jdk-20\bin\javaw.exe (not found)
Check launcher:	C:\Program Files\Common Files\Oracle\Java\javapath\bin\javaw.exe (not found)
Check launcher:	C:\Program Files\Python311\Scripts\bin\javaw.exe (not found)
Check launcher:	C:\Program Files\Python311\bin\javaw.exe (not found)
Check launcher:	C:\Windows\system32\bin\javaw.exe (not found)
Check launcher:	C:\Windows\bin\javaw.exe (not found)
Check launcher:	C:\Windows\System32\Wbem\bin\javaw.exe (not found)
Check launcher:	C:\Windows\System32\WindowsPowerShell\v1.0\bin\javaw.exe (not found)
Check launcher:	C:\Windows\System32\OpenSSH\bin\javaw.exe (not found)
Check launcher:	C:\Program Files (x86)\NVIDIA Corporation\PhysX\Common\bin\javaw.exe (not found)
Check launcher:	C:\Program Files\NVIDIA Corporation\NVIDIA NvDLISR\bin\javaw.exe (not found)
Check launcher:	C:\Program Files\Java\jdk-20\bin\javaw.exe (not found)
Check launcher:	C:\Program Files\Java\jdk-20\bin\javaw.exe (not found)
Check launcher:	C:\Program Files\Git\cmd\bin\javaw.exe (not found)
Check launcher:	C:\Program Files\MongoDB\mongosh-2.1.3-win32-x64\bin\javaw.exe (not found)
Check launcher:	C:\Program Files\MongoDB\Server\7.0\bin\javaw.exe (not found)
Check launcher:	C:\Program Files (x86)\nodejs\bin\javaw.exe (not found)
Check launcher:	C:\Program Files\Java\jdk-22\bin\javaw.exe (OK)
Check javac:	C:\Program Files\Java\jdk-22\bin\javac.exe (OK)
Version string: 1.022.000_001 / 64-Bit (OK)
Launcher:	C:\Program Files\Java\jdk-22\bin\javaw.exe
Launcher args:	-jar "C:\Users\chalk\OneDrive\Documents\NetBeansProjects\Bank Management Systems\bank.exe"
Args length:	90/32768 chars
Exit code:	0


Version:	3.50
CmdLine:	C:\Users\chalk\OneDrive\Documents\NetBeansProjects\Bank Management Systems\b.exe --l4j-debug
JNI:		No
WOW64:		Yes
Working dir:	C:\Users\chalk\OneDrive\Documents\NetBeansProjects\Bank Management Systems\.
Requires JDK:	Yes
Requires 64-Bit: Yes
Java min ver:	1.000.000
Java max ver:	
Substitute:	JAVA_HOME = C:\Program Files\Java\jdk-20
Substitute:	PATH = C:\Program Files\Common Files\Oracle\Java\javapath;C:\Program Files\Python311\Scripts\;C:\Program Files\Python311\;C:\Windows\system32;C:\Windows;C:\Windows\System32\Wbem;C:\Windows\System32\WindowsPowerShell\v1.0\;C:\Windows\System32\OpenSSH\;C:\Program Files (x86)\NVIDIA Corporation\PhysX\Common;C:\Program Files\NVIDIA Corporation\NVIDIA NvDLISR;C:\Program Files\Java\jdk-20\bin;C:\Program Files\Java\jdk-20\bin;C:\Program Files\Git\cmd;C:\Program Files\MongoDB\mongosh-2.1.3-win32-x64\bin;C:\Program Files\MongoDB\Server\7.0\bin;C:\Program Files (x86)\nodejs;C:\Program Files\Java\jdk-22\bin;C:\Program Files\dotnet\;C:\Users\chalk\AppData\Local\Microsoft\WindowsApps;C:\Users\chalk\AppData\Local\Programs\Microsoft VS Code\bin;C:\Program Files (x86)\Inno Setup 5;;C:\Program Files\Java\jdk-22\bin
JRE paths:	C:\Program Files\Java\jdk-20;C:\Program Files\Common Files\Oracle\Java\javapath;C:\Program Files\Python311\Scripts\;C:\Program Files\Python311\;C:\Windows\system32;C:\Windows;C:\Windows\System32\Wbem;C:\Windows\System32\WindowsPowerShell\v1.0\;C:\Windows\System32\OpenSSH\;C:\Program Files (x86)\NVIDIA Corporation\PhysX\Common;C:\Program Files\NVIDIA Corporation\NVIDIA NvDLISR;C:\Program Files\Java\jdk-20\bin;C:\Program Files\Java\jdk-20\bin;C:\Program Files\Git\cmd;C:\Program Files\MongoDB\mongosh-2.1.3-win32-x64\bin;C:\Program Files\MongoDB\Server\7.0\bin;C:\Program Files (x86)\nodejs;C:\Program Files\Java\jdk-22\bin;C:\Program Files\dotnet\;C:\Users\chalk\AppData\Local\Microsoft\WindowsApps;C:\Users\chalk\AppData\Local\Programs\Microsoft VS Code\bin;C:\Program Files (x86)\Inno Setup 5;;C:\Program Files\Java\jdk-22\bin
Check launcher:	C:\Program Files\Java\jdk-20\bin\javaw.exe (not found)
Check launcher:	C:\Program Files\Common Files\Oracle\Java\javapath\bin\javaw.exe (not found)
Check launcher:	C:\Program Files\Python311\Scripts\bin\javaw.exe (not found)
Check launcher:	C:\Program Files\Python311\bin\javaw.exe (not found)
Check launcher:	C:\Windows\system32\bin\javaw.exe (not found)
Check launcher:	C:\Windows\bin\javaw.exe (not found)
Check launcher:	C:\Windows\System32\Wbem\bin\javaw.exe (not found)
Check launcher:	C:\Windows\System32\WindowsPowerShell\v1.0\bin\javaw.exe (not found)
Check launcher:	C:\Windows\System32\OpenSSH\bin\javaw.exe (not found)
Check launcher:	C:\Program Files (x86)\NVIDIA Corporation\PhysX\Common\bin\javaw.exe (not found)
Check launcher:	C:\Program Files\NVIDIA Corporation\NVIDIA NvDLISR\bin\javaw.exe (not found)
Check launcher:	C:\Program Files\Java\jdk-20\bin\javaw.exe (not found)
Check launcher:	C:\Program Files\Java\jdk-20\bin\javaw.exe (not found)
Check launcher:	C:\Program Files\Git\cmd\bin\javaw.exe (not found)
Check launcher:	C:\Program Files\MongoDB\mongosh-2.1.3-win32-x64\bin\javaw.exe (not found)
Check launcher:	C:\Program Files\MongoDB\Server\7.0\bin\javaw.exe (not found)
Check launcher:	C:\Program Files (x86)\nodejs\bin\javaw.exe (not found)
Check launcher:	C:\Program Files\Java\jdk-22\bin\javaw.exe (OK)
Check javac:	C:\Program Files\Java\jdk-22\bin\javac.exe (OK)
Version string: 1.022.000_001 / 64-Bit (OK)
Launcher:	C:\Program Files\Java\jdk-22\bin\javaw.exe
Launcher args:	-jar "C:\Users\chalk\OneDrive\Documents\NetBeansProjects\Bank Management Systems\b.exe"
Args length:	87/32768 chars
Exit code:	0


Version:	3.50
CmdLine:	C:\Users\chalk\OneDrive\Documents\NetBeansProjects\Bank Management Systems\b.exe --l4j-debug
JNI:		No
WOW64:		Yes
Working dir:	C:\Users\chalk\OneDrive\Documents\NetBeansProjects\Bank Management Systems\.
Requires JDK:	Yes
Requires 64-Bit: Yes
Java min ver:	1.000.000
Java max ver:	
Substitute:	JAVA_HOME = C:\Program Files\Java\jdk-20
Substitute:	PATH = C:\Program Files\Common Files\Oracle\Java\javapath;C:\Program Files\Python311\Scripts\;C:\Program Files\Python311\;C:\Windows\system32;C:\Windows;C:\Windows\System32\Wbem;C:\Windows\System32\WindowsPowerShell\v1.0\;C:\Windows\System32\OpenSSH\;C:\Program Files (x86)\NVIDIA Corporation\PhysX\Common;C:\Program Files\NVIDIA Corporation\NVIDIA NvDLISR;C:\Program Files\Java\jdk-20\bin;C:\Program Files\Java\jdk-20\bin;C:\Program Files\Git\cmd;C:\Program Files\MongoDB\mongosh-2.1.3-win32-x64\bin;C:\Program Files\MongoDB\Server\7.0\bin;C:\Program Files (x86)\nodejs;C:\Program Files\Java\jdk-22\bin;C:\Program Files\dotnet\;C:\Users\chalk\AppData\Local\Microsoft\WindowsApps;C:\Users\chalk\AppData\Local\Programs\Microsoft VS Code\bin;C:\Program Files (x86)\Inno Setup 5;;C:\Program Files\Java\jdk-22\bin
JRE paths:	C:\Program Files\Java\jdk-20;C:\Program Files\Common Files\Oracle\Java\javapath;C:\Program Files\Python311\Scripts\;C:\Program Files\Python311\;C:\Windows\system32;C:\Windows;C:\Windows\System32\Wbem;C:\Windows\System32\WindowsPowerShell\v1.0\;C:\Windows\System32\OpenSSH\;C:\Program Files (x86)\NVIDIA Corporation\PhysX\Common;C:\Program Files\NVIDIA Corporation\NVIDIA NvDLISR;C:\Program Files\Java\jdk-20\bin;C:\Program Files\Java\jdk-20\bin;C:\Program Files\Git\cmd;C:\Program Files\MongoDB\mongosh-2.1.3-win32-x64\bin;C:\Program Files\MongoDB\Server\7.0\bin;C:\Program Files (x86)\nodejs;C:\Program Files\Java\jdk-22\bin;C:\Program Files\dotnet\;C:\Users\chalk\AppData\Local\Microsoft\WindowsApps;C:\Users\chalk\AppData\Local\Programs\Microsoft VS Code\bin;C:\Program Files (x86)\Inno Setup 5;;C:\Program Files\Java\jdk-22\bin
Check launcher:	C:\Program Files\Java\jdk-20\bin\javaw.exe (not found)
Check launcher:	C:\Program Files\Common Files\Oracle\Java\javapath\bin\javaw.exe (not found)
Check launcher:	C:\Program Files\Python311\Scripts\bin\javaw.exe (not found)
Check launcher:	C:\Program Files\Python311\bin\javaw.exe (not found)
Check launcher:	C:\Windows\system32\bin\javaw.exe (not found)
Check launcher:	C:\Windows\bin\javaw.exe (not found)
Check launcher:	C:\Windows\System32\Wbem\bin\javaw.exe (not found)
Check launcher:	C:\Windows\System32\WindowsPowerShell\v1.0\bin\javaw.exe (not found)
Check launcher:	C:\Windows\System32\OpenSSH\bin\javaw.exe (not found)
Check launcher:	C:\Program Files (x86)\NVIDIA Corporation\PhysX\Common\bin\javaw.exe (not found)
Check launcher:	C:\Program Files\NVIDIA Corporation\NVIDIA NvDLISR\bin\javaw.exe (not found)
Check launcher:	C:\Program Files\Java\jdk-20\bin\javaw.exe (not found)
Check launcher:	C:\Program Files\Java\jdk-20\bin\javaw.exe (not found)
Check launcher:	C:\Program Files\Git\cmd\bin\javaw.exe (not found)
Check launcher:	C:\Program Files\MongoDB\mongosh-2.1.3-win32-x64\bin\javaw.exe (not found)
Check launcher:	C:\Program Files\MongoDB\Server\7.0\bin\javaw.exe (not found)
Check launcher:	C:\Program Files (x86)\nodejs\bin\javaw.exe (not found)
Check launcher:	C:\Program Files\Java\jdk-22\bin\javaw.exe (OK)
Check javac:	C:\Program Files\Java\jdk-22\bin\javac.exe (OK)
Version string: 1.022.000_001 / 64-Bit (OK)
Launcher:	C:\Program Files\Java\jdk-22\bin\javaw.exe
Launcher args:	-jar "C:\Users\chalk\OneDrive\Documents\NetBeansProjects\Bank Management Systems\b.exe"
Args length:	87/32768 chars
Exit code:	0


Version:	3.50
CmdLine:	C:\Users\chalk\OneDrive\Documents\NetBeansProjects\Bank Management Systems\atm.exe --l4j-debug
JNI:		No
WOW64:		Yes
Working dir:	C:\Users\chalk\OneDrive\Documents\NetBeansProjects\Bank Management Systems\.
Requires JDK:	Yes
Requires 64-Bit: Yes
Java min ver:	1.000.000
Java max ver:	
Substitute:	JAVA_HOME = C:\Program Files\Java\jdk-20
Substitute:	PATH = C:\Program Files\Common Files\Oracle\Java\javapath;C:\Program Files\Python311\Scripts\;C:\Program Files\Python311\;C:\Windows\system32;C:\Windows;C:\Windows\System32\Wbem;C:\Windows\System32\WindowsPowerShell\v1.0\;C:\Windows\System32\OpenSSH\;C:\Program Files (x86)\NVIDIA Corporation\PhysX\Common;C:\Program Files\NVIDIA Corporation\NVIDIA NvDLISR;C:\Program Files\Java\jdk-20\bin;C:\Program Files\Java\jdk-20\bin;C:\Program Files\Git\cmd;C:\Program Files\MongoDB\mongosh-2.1.3-win32-x64\bin;C:\Program Files\MongoDB\Server\7.0\bin;C:\Program Files (x86)\nodejs;C:\Program Files\Java\jdk-22\bin;C:\Program Files\dotnet\;C:\Users\chalk\AppData\Local\Microsoft\WindowsApps;C:\Users\chalk\AppData\Local\Programs\Microsoft VS Code\bin;C:\Program Files (x86)\Inno Setup 5;;C:\Program Files\Java\jdk-22\bin
JRE paths:	C:\Program Files\Java\jdk-20;C:\Program Files\Common Files\Oracle\Java\javapath;C:\Program Files\Python311\Scripts\;C:\Program Files\Python311\;C:\Windows\system32;C:\Windows;C:\Windows\System32\Wbem;C:\Windows\System32\WindowsPowerShell\v1.0\;C:\Windows\System32\OpenSSH\;C:\Program Files (x86)\NVIDIA Corporation\PhysX\Common;C:\Program Files\NVIDIA Corporation\NVIDIA NvDLISR;C:\Program Files\Java\jdk-20\bin;C:\Program Files\Java\jdk-20\bin;C:\Program Files\Git\cmd;C:\Program Files\MongoDB\mongosh-2.1.3-win32-x64\bin;C:\Program Files\MongoDB\Server\7.0\bin;C:\Program Files (x86)\nodejs;C:\Program Files\Java\jdk-22\bin;C:\Program Files\dotnet\;C:\Users\chalk\AppData\Local\Microsoft\WindowsApps;C:\Users\chalk\AppData\Local\Programs\Microsoft VS Code\bin;C:\Program Files (x86)\Inno Setup 5;;C:\Program Files\Java\jdk-22\bin
Check launcher:	C:\Program Files\Java\jdk-20\bin\javaw.exe (not found)
Check launcher:	C:\Program Files\Common Files\Oracle\Java\javapath\bin\javaw.exe (not found)
Check launcher:	C:\Program Files\Python311\Scripts\bin\javaw.exe (not found)
Check launcher:	C:\Program Files\Python311\bin\javaw.exe (not found)
Check launcher:	C:\Windows\system32\bin\javaw.exe (not found)
Check launcher:	C:\Windows\bin\javaw.exe (not found)
Check launcher:	C:\Windows\System32\Wbem\bin\javaw.exe (not found)
Check launcher:	C:\Windows\System32\WindowsPowerShell\v1.0\bin\javaw.exe (not found)
Check launcher:	C:\Windows\System32\OpenSSH\bin\javaw.exe (not found)
Check launcher:	C:\Program Files (x86)\NVIDIA Corporation\PhysX\Common\bin\javaw.exe (not found)
Check launcher:	C:\Program Files\NVIDIA Corporation\NVIDIA NvDLISR\bin\javaw.exe (not found)
Check launcher:	C:\Program Files\Java\jdk-20\bin\javaw.exe (not found)
Check launcher:	C:\Program Files\Java\jdk-20\bin\javaw.exe (not found)
Check launcher:	C:\Program Files\Git\cmd\bin\javaw.exe (not found)
Check launcher:	C:\Program Files\MongoDB\mongosh-2.1.3-win32-x64\bin\javaw.exe (not found)
Check launcher:	C:\Program Files\MongoDB\Server\7.0\bin\javaw.exe (not found)
Check launcher:	C:\Program Files (x86)\nodejs\bin\javaw.exe (not found)
Check launcher:	C:\Program Files\Java\jdk-22\bin\javaw.exe (OK)
Check javac:	C:\Program Files\Java\jdk-22\bin\javac.exe (OK)
Version string: 1.022.000_001 / 64-Bit (OK)
Launcher:	C:\Program Files\Java\jdk-22\bin\javaw.exe
Launcher args:	-jar "C:\Users\chalk\OneDrive\Documents\NetBeansProjects\Bank Management Systems\atm.exe"
Args length:	89/32768 chars
Exit code:	0


Version:	3.50
CmdLine:	C:\Users\chalk\OneDrive\Documents\NetBeansProjects\Bank Management Systems\ATM!.exe --l4j-debug
JNI:		No
WOW64:		Yes
Working dir:	C:\Users\chalk\OneDrive\Documents\NetBeansProjects\Bank Management Systems\.
Requires JDK:	Yes
Requires 64-Bit: Yes
Java min ver:	1.000.000
Java max ver:	
Substitute:	JAVA_HOME = C:\Program Files\Java\jdk-20
Substitute:	PATH = C:\Program Files\Common Files\Oracle\Java\javapath;C:\Program Files\Python311\Scripts\;C:\Program Files\Python311\;C:\Windows\system32;C:\Windows;C:\Windows\System32\Wbem;C:\Windows\System32\WindowsPowerShell\v1.0\;C:\Windows\System32\OpenSSH\;C:\Program Files (x86)\NVIDIA Corporation\PhysX\Common;C:\Program Files\NVIDIA Corporation\NVIDIA NvDLISR;C:\Program Files\Java\jdk-20\bin;C:\Program Files\Java\jdk-20\bin;C:\Program Files\Git\cmd;C:\Program Files\MongoDB\mongosh-2.1.3-win32-x64\bin;C:\Program Files\MongoDB\Server\7.0\bin;C:\Program Files (x86)\nodejs;C:\Program Files\Java\jdk-22\bin;C:\Program Files\dotnet\;C:\Users\chalk\AppData\Local\Microsoft\WindowsApps;C:\Users\chalk\AppData\Local\Programs\Microsoft VS Code\bin;C:\Program Files (x86)\Inno Setup 5;;C:\Program Files\Java\jdk-22\bin
JRE paths:	C:\Program Files\Java\jdk-20;C:\Program Files\Common Files\Oracle\Java\javapath;C:\Program Files\Python311\Scripts\;C:\Program Files\Python311\;C:\Windows\system32;C:\Windows;C:\Windows\System32\Wbem;C:\Windows\System32\WindowsPowerShell\v1.0\;C:\Windows\System32\OpenSSH\;C:\Program Files (x86)\NVIDIA Corporation\PhysX\Common;C:\Program Files\NVIDIA Corporation\NVIDIA NvDLISR;C:\Program Files\Java\jdk-20\bin;C:\Program Files\Java\jdk-20\bin;C:\Program Files\Git\cmd;C:\Program Files\MongoDB\mongosh-2.1.3-win32-x64\bin;C:\Program Files\MongoDB\Server\7.0\bin;C:\Program Files (x86)\nodejs;C:\Program Files\Java\jdk-22\bin;C:\Program Files\dotnet\;C:\Users\chalk\AppData\Local\Microsoft\WindowsApps;C:\Users\chalk\AppData\Local\Programs\Microsoft VS Code\bin;C:\Program Files (x86)\Inno Setup 5;;C:\Program Files\Java\jdk-22\bin
Check launcher:	C:\Program Files\Java\jdk-20\bin\javaw.exe (not found)
Check launcher:	C:\Program Files\Common Files\Oracle\Java\javapath\bin\javaw.exe (not found)
Check launcher:	C:\Program Files\Python311\Scripts\bin\javaw.exe (not found)
Check launcher:	C:\Program Files\Python311\bin\javaw.exe (not found)
Check launcher:	C:\Windows\system32\bin\javaw.exe (not found)
Check launcher:	C:\Windows\bin\javaw.exe (not found)
Check launcher:	C:\Windows\System32\Wbem\bin\javaw.exe (not found)
Check launcher:	C:\Windows\System32\WindowsPowerShell\v1.0\bin\javaw.exe (not found)
Check launcher:	C:\Windows\System32\OpenSSH\bin\javaw.exe (not found)
Check launcher:	C:\Program Files (x86)\NVIDIA Corporation\PhysX\Common\bin\javaw.exe (not found)
Check launcher:	C:\Program Files\NVIDIA Corporation\NVIDIA NvDLISR\bin\javaw.exe (not found)
Check launcher:	C:\Program Files\Java\jdk-20\bin\javaw.exe (not found)
Check launcher:	C:\Program Files\Java\jdk-20\bin\javaw.exe (not found)
Check launcher:	C:\Program Files\Git\cmd\bin\javaw.exe (not found)
Check launcher:	C:\Program Files\MongoDB\mongosh-2.1.3-win32-x64\bin\javaw.exe (not found)
Check launcher:	C:\Program Files\MongoDB\Server\7.0\bin\javaw.exe (not found)
Check launcher:	C:\Program Files (x86)\nodejs\bin\javaw.exe (not found)
Check launcher:	C:\Program Files\Java\jdk-22\bin\javaw.exe (OK)
Check javac:	C:\Program Files\Java\jdk-22\bin\javac.exe (OK)
Version string: 1.022.000_001 / 64-Bit (OK)
Launcher:	C:\Program Files\Java\jdk-22\bin\javaw.exe
Launcher args:	-jar "C:\Users\chalk\OneDrive\Documents\NetBeansProjects\Bank Management Systems\ATM!.exe"
Args length:	90/32768 chars
Exit code:	0
